  [1m[36m (472.3ms)[0m  [1mCREATE TABLE "schema_migrations" ("version" character varying NOT NULL) [0m
  [1m[35m (10.5ms)[0m  CREATE UNIQUE INDEX  "unique_schema_migrations" ON "schema_migrations"  ("version")
  [1m[36mActiveRecord::SchemaMigration Load (27.4ms)[0m  [1mSELECT "schema_migrations".* FROM "schema_migrations"[0m
  [1m[36mSQL (92.2ms)[0m  [1mCREATE EXTENSION IF NOT EXISTS "plpgsql"[0m
  [1m[35m (0.7ms)[0m  SELECT version FROM "schema_migrations"
  [1m[36m (112.5ms)[0m  [1mINSERT INTO "schema_migrations" (version) VALUES ('0')[0m
  [1m[35mSQL (26.2ms)[0m  CREATE EXTENSION IF NOT EXISTS "plpgsql"
  [1m[36m (148.4ms)[0m  [1mCREATE TABLE "schema_migrations" ("version" character varying NOT NULL) [0m
  [1m[35m (2.0ms)[0m  CREATE UNIQUE INDEX  "unique_schema_migrations" ON "schema_migrations"  ("version")
  [1m[36m (2.8ms)[0m  [1mSELECT version FROM "schema_migrations"[0m
  [1m[35m (0.9ms)[0m  INSERT INTO "schema_migrations" (version) VALUES ('0')
  [1m[36mActiveRecord::SchemaMigration Load (1.2ms)[0m  [1mSELECT "schema_migrations".* FROM "schema_migrations"[0m
  [1m[36mActiveRecord::SchemaMigration Load (0.9ms)[0m  [1mSELECT "schema_migrations".* FROM "schema_migrations"[0m
Migrating to CreatePosts (20150718025815)
  [1m[35m (19.5ms)[0m  BEGIN
  [1m[36m (248.5ms)[0m  [1mCREATE TABLE "posts" ("id" serial primary key, "created_at" timestamp NOT NULL, "updated_at" timestamp NOT NULL) [0m
  [1m[35mSQL (24.7ms)[0m  INSERT INTO "schema_migrations" ("version") VALUES ($1)  [["version", "20150718025815"]]
  [1m[36m (31.4ms)[0m  [1mCOMMIT[0m
Migrating to AddContentToPost (20150718025902)
  [1m[35m (16.2ms)[0m  BEGIN
  [1m[36m (51.4ms)[0m  [1mALTER TABLE "posts" ADD "title" character varying[0m
  [1m[35m (0.4ms)[0m  ALTER TABLE "posts" ADD "content" text
  [1m[36mSQL (0.3ms)[0m  [1mINSERT INTO "schema_migrations" ("version") VALUES ($1)[0m  [["version", "20150718025902"]]
  [1m[35m (20.7ms)[0m  COMMIT
  [1m[36mActiveRecord::SchemaMigration Load (0.6ms)[0m  [1mSELECT "schema_migrations".* FROM "schema_migrations"[0m
  [1m[35m (29.6ms)[0m  SELECT t2.oid::regclass::text AS to_table, a1.attname AS column, a2.attname AS primary_key, c.conname AS name, c.confupdtype AS on_update, c.confdeltype AS on_delete
FROM pg_constraint c
JOIN pg_class t1 ON c.conrelid = t1.oid
JOIN pg_class t2 ON c.confrelid = t2.oid
JOIN pg_attribute a1 ON a1.attnum = c.conkey[1] AND a1.attrelid = t1.oid
JOIN pg_attribute a2 ON a2.attnum = c.confkey[1] AND a2.attrelid = t2.oid
JOIN pg_namespace t3 ON c.connamespace = t3.oid
WHERE c.contype = 'f'
  AND t1.relname = 'posts'
  AND t3.nspname = ANY (current_schemas(false))
ORDER BY c.conname

  [1m[36mActiveRecord::SchemaMigration Load (0.7ms)[0m  [1mSELECT "schema_migrations".* FROM "schema_migrations"[0m
Migrating to CreatePostImages (20150718030337)
  [1m[35m (0.6ms)[0m  BEGIN
  [1m[36m (51.4ms)[0m  [1mCREATE TABLE "post_images" ("id" serial primary key, "image_url" character varying, "post_id" integer, "created_at" timestamp NOT NULL, "updated_at" timestamp NOT NULL) [0m
  [1m[35m (1.3ms)[0m  CREATE  INDEX  "index_post_images_on_post_id" ON "post_images"  ("post_id")
  [1m[36m (169.7ms)[0m  [1mALTER TABLE "post_images" ADD CONSTRAINT "fk_rails_3ee54b46c4"
FOREIGN KEY ("post_id")
  REFERENCES "posts" ("id")
[0m
  [1m[35mSQL (0.5ms)[0m  INSERT INTO "schema_migrations" ("version") VALUES ($1)  [["version", "20150718030337"]]
  [1m[36m (47.2ms)[0m  [1mCOMMIT[0m
  [1m[35mActiveRecord::SchemaMigration Load (0.6ms)[0m  SELECT "schema_migrations".* FROM "schema_migrations"
  [1m[36m (12.1ms)[0m  [1mSELECT t2.oid::regclass::text AS to_table, a1.attname AS column, a2.attname AS primary_key, c.conname AS name, c.confupdtype AS on_update, c.confdeltype AS on_delete
FROM pg_constraint c
JOIN pg_class t1 ON c.conrelid = t1.oid
JOIN pg_class t2 ON c.confrelid = t2.oid
JOIN pg_attribute a1 ON a1.attnum = c.conkey[1] AND a1.attrelid = t1.oid
JOIN pg_attribute a2 ON a2.attnum = c.confkey[1] AND a2.attrelid = t2.oid
JOIN pg_namespace t3 ON c.connamespace = t3.oid
WHERE c.contype = 'f'
  AND t1.relname = 'post_images'
  AND t3.nspname = ANY (current_schemas(false))
ORDER BY c.conname
[0m
  [1m[35m (5.6ms)[0m  SELECT t2.oid::regclass::text AS to_table, a1.attname AS column, a2.attname AS primary_key, c.conname AS name, c.confupdtype AS on_update, c.confdeltype AS on_delete
FROM pg_constraint c
JOIN pg_class t1 ON c.conrelid = t1.oid
JOIN pg_class t2 ON c.confrelid = t2.oid
JOIN pg_attribute a1 ON a1.attnum = c.conkey[1] AND a1.attrelid = t1.oid
JOIN pg_attribute a2 ON a2.attnum = c.confkey[1] AND a2.attrelid = t2.oid
JOIN pg_namespace t3 ON c.connamespace = t3.oid
WHERE c.contype = 'f'
  AND t1.relname = 'posts'
  AND t3.nspname = ANY (current_schemas(false))
ORDER BY c.conname

  [1m[36mActiveRecord::SchemaMigration Load (1.1ms)[0m  [1mSELECT "schema_migrations".* FROM "schema_migrations"[0m
Migrating to DeviseCreateAdminUsers (20150718035116)
  [1m[35m (0.8ms)[0m  BEGIN
DEPRECATION WARNING: `#timestamp` was called without specifying an option for `null`. In Rails 5, this behavior will change to `null: false`. You should manually specify `null: true` to prevent the behavior of your existing migrations from changing. (called from block in change at /Users/admin/Documents/ruby_workspace/foodblog/db/migrate/20150718035116_devise_create_admin_users.rb:40)
  [1m[36m (147.7ms)[0m  [1mCREATE TABLE "admin_users" ("id" serial primary key, "email" character varying DEFAULT '' NOT NULL, "encrypted_password" character varying DEFAULT '' NOT NULL, "reset_password_token" character varying, "reset_password_sent_at" timestamp, "remember_created_at" timestamp, "sign_in_count" integer DEFAULT 0 NOT NULL, "current_sign_in_at" timestamp, "last_sign_in_at" timestamp, "current_sign_in_ip" inet, "last_sign_in_ip" inet, "created_at" timestamp, "updated_at" timestamp) [0m
  [1m[35m (2.6ms)[0m  CREATE UNIQUE INDEX  "index_admin_users_on_email" ON "admin_users"  ("email")
  [1m[36m (1.4ms)[0m  [1mCREATE UNIQUE INDEX  "index_admin_users_on_reset_password_token" ON "admin_users"  ("reset_password_token")[0m
  [1m[35mAdminUser Exists (38.0ms)[0m  SELECT  1 AS one FROM "admin_users" WHERE "admin_users"."email" = 'admin@example.com' LIMIT 1
  [1m[36mSQL (26.0ms)[0m  [1mINSERT INTO "admin_users" ("email", "encrypted_password", "created_at", "updated_at") VALUES ($1, $2, $3, $4) RETURNING "id"[0m  [["email", "admin@example.com"], ["encrypted_password", "$2a$10$2SB5wJjgN/EsvfnjDJo2CuQcS3tBVeQhCVaTsrZM15ih/eBIg0HeG"], ["created_at", "2015-07-18 03:54:22.241268"], ["updated_at", "2015-07-18 03:54:22.241268"]]
  [1m[35mSQL (0.4ms)[0m  INSERT INTO "schema_migrations" ("version") VALUES ($1)  [["version", "20150718035116"]]
  [1m[36m (39.3ms)[0m  [1mCOMMIT[0m
Migrating to CreateActiveAdminComments (20150718035129)
  [1m[35m (15.0ms)[0m  BEGIN
DEPRECATION WARNING: `#timestamp` was called without specifying an option for `null`. In Rails 5, this behavior will change to `null: false`. You should manually specify `null: true` to prevent the behavior of your existing migrations from changing. (called from block in up at /Users/admin/Documents/ruby_workspace/foodblog/db/migrate/20150718035129_create_active_admin_comments.rb:9)
  [1m[36m (27.7ms)[0m  [1mCREATE TABLE "active_admin_comments" ("id" serial primary key, "namespace" character varying, "body" text, "resource_id" character varying NOT NULL, "resource_type" character varying NOT NULL, "author_id" integer, "author_type" character varying, "created_at" timestamp, "updated_at" timestamp) [0m
  [1m[35m (1.3ms)[0m  CREATE  INDEX  "index_active_admin_comments_on_namespace" ON "active_admin_comments"  ("namespace")
  [1m[36m (1.6ms)[0m  [1mCREATE  INDEX  "index_active_admin_comments_on_author_type_and_author_id" ON "active_admin_comments"  ("author_type", "author_id")[0m
  [1m[35m (1.8ms)[0m  CREATE  INDEX  "index_active_admin_comments_on_resource_type_and_resource_id" ON "active_admin_comments"  ("resource_type", "resource_id")
  [1m[36mSQL (0.3ms)[0m  [1mINSERT INTO "schema_migrations" ("version") VALUES ($1)[0m  [["version", "20150718035129"]]
  [1m[35m (0.7ms)[0m  COMMIT
  [1m[36mActiveRecord::SchemaMigration Load (0.4ms)[0m  [1mSELECT "schema_migrations".* FROM "schema_migrations"[0m
  [1m[35m (5.3ms)[0m  SELECT t2.oid::regclass::text AS to_table, a1.attname AS column, a2.attname AS primary_key, c.conname AS name, c.confupdtype AS on_update, c.confdeltype AS on_delete
FROM pg_constraint c
JOIN pg_class t1 ON c.conrelid = t1.oid
JOIN pg_class t2 ON c.confrelid = t2.oid
JOIN pg_attribute a1 ON a1.attnum = c.conkey[1] AND a1.attrelid = t1.oid
JOIN pg_attribute a2 ON a2.attnum = c.confkey[1] AND a2.attrelid = t2.oid
JOIN pg_namespace t3 ON c.connamespace = t3.oid
WHERE c.contype = 'f'
  AND t1.relname = 'active_admin_comments'
  AND t3.nspname = ANY (current_schemas(false))
ORDER BY c.conname

  [1m[36m (4.8ms)[0m  [1mSELECT t2.oid::regclass::text AS to_table, a1.attname AS column, a2.attname AS primary_key, c.conname AS name, c.confupdtype AS on_update, c.confdeltype AS on_delete
FROM pg_constraint c
JOIN pg_class t1 ON c.conrelid = t1.oid
JOIN pg_class t2 ON c.confrelid = t2.oid
JOIN pg_attribute a1 ON a1.attnum = c.conkey[1] AND a1.attrelid = t1.oid
JOIN pg_attribute a2 ON a2.attnum = c.confkey[1] AND a2.attrelid = t2.oid
JOIN pg_namespace t3 ON c.connamespace = t3.oid
WHERE c.contype = 'f'
  AND t1.relname = 'admin_users'
  AND t3.nspname = ANY (current_schemas(false))
ORDER BY c.conname
[0m
  [1m[35m (5.2ms)[0m  SELECT t2.oid::regclass::text AS to_table, a1.attname AS column, a2.attname AS primary_key, c.conname AS name, c.confupdtype AS on_update, c.confdeltype AS on_delete
FROM pg_constraint c
JOIN pg_class t1 ON c.conrelid = t1.oid
JOIN pg_class t2 ON c.confrelid = t2.oid
JOIN pg_attribute a1 ON a1.attnum = c.conkey[1] AND a1.attrelid = t1.oid
JOIN pg_attribute a2 ON a2.attnum = c.confkey[1] AND a2.attrelid = t2.oid
JOIN pg_namespace t3 ON c.connamespace = t3.oid
WHERE c.contype = 'f'
  AND t1.relname = 'post_images'
  AND t3.nspname = ANY (current_schemas(false))
ORDER BY c.conname

  [1m[36m (5.0ms)[0m  [1mSELECT t2.oid::regclass::text AS to_table, a1.attname AS column, a2.attname AS primary_key, c.conname AS name, c.confupdtype AS on_update, c.confdeltype AS on_delete
FROM pg_constraint c
JOIN pg_class t1 ON c.conrelid = t1.oid
JOIN pg_class t2 ON c.confrelid = t2.oid
JOIN pg_attribute a1 ON a1.attnum = c.conkey[1] AND a1.attrelid = t1.oid
JOIN pg_attribute a2 ON a2.attnum = c.confkey[1] AND a2.attrelid = t2.oid
JOIN pg_namespace t3 ON c.connamespace = t3.oid
WHERE c.contype = 'f'
  AND t1.relname = 'posts'
  AND t3.nspname = ANY (current_schemas(false))
ORDER BY c.conname
[0m
  [1m[36mActiveRecord::SchemaMigration Load (1.5ms)[0m  [1mSELECT "schema_migrations".* FROM "schema_migrations"[0m
  [1m[35m (0.3ms)[0m  BEGIN
  [1m[36mAdminUser Exists (2.2ms)[0m  [1mSELECT  1 AS one FROM "admin_users" WHERE "admin_users"."email" = 'admin@example.com' LIMIT 1[0m
  [1m[35m (0.3ms)[0m  ROLLBACK


Started GET "/" for ::1 at 2015-07-18 05:55:36 +0200
  [1m[36mActiveRecord::SchemaMigration Load (0.8ms)[0m  [1mSELECT "schema_migrations".* FROM "schema_migrations"[0m
Processing by Rails::WelcomeController#index as HTML
  Rendered /Users/admin/.rvm/gems/ruby-2.2.0/gems/railties-4.2.1/lib/rails/templates/rails/welcome/index.html.erb (2.6ms)
Completed 200 OK in 92ms (Views: 53.0ms | ActiveRecord: 0.0ms)


Started GET "/admin/" for ::1 at 2015-07-18 05:55:44 +0200
Processing by Admin::DashboardController#index as HTML
Completed 401 Unauthorized in 5ms (ActiveRecord: 0.0ms)


Started GET "/admin/login" for ::1 at 2015-07-18 05:55:44 +0200
Processing by ActiveAdmin::Devise::SessionsController#new as HTML
  Rendered /Users/admin/.rvm/gems/ruby-2.2.0/bundler/gems/active_admin-5a2b7b5bc683/app/views/active_admin/devise/shared/_links.erb (3.4ms)
  Rendered /Users/admin/.rvm/gems/ruby-2.2.0/bundler/gems/active_admin-5a2b7b5bc683/app/views/active_admin/devise/sessions/new.html.erb within layouts/active_admin_logged_out (285.7ms)
Completed 200 OK in 15172ms (Views: 15116.5ms | ActiveRecord: 6.7ms)


Started GET "/assets/active_admin.self-e4f2c88b7b168ceca4a12ccb4c310170c1a4518d9582d81dc8aee6f34f1407c7.css?body=1" for ::1 at 2015-07-18 05:55:59 +0200


Started GET "/assets/active_admin/print.self-0b38b2414570e3e4965035cfc302da0a16f41abe0a256aff262c282ca49ce4b5.css?body=1" for ::1 at 2015-07-18 05:55:59 +0200


Started GET "/assets/jquery-ui/datepicker.self-6267be6d4d0f0e8665be3b4d6ac07f40ba23a32aff8eaa5d1bfc00f76a9eeae7.js?body=1" for ::1 at 2015-07-18 05:55:59 +0200


Started GET "/assets/jquery.self-d03a5518f45df77341bdbe6201ba3bfa547ebba8ed64f0ea56bfa5f96ea7c074.js?body=1" for ::1 at 2015-07-18 05:55:59 +0200


Started GET "/assets/jquery-ui/widget.self-c1602241ddc51216b58391768667068867b8e15b9efc722befcd25771eda6819.js?body=1" for ::1 at 2015-07-18 05:55:59 +0200


Started GET "/assets/jquery-ui/core.self-93be4d22eda916787802a64d8f88b52db8a9027d4ccbbc0942625324a7d12d44.js?body=1" for ::1 at 2015-07-18 05:55:59 +0200


Started GET "/assets/jquery-ui/button.self-4d4f21ba77bbf8cc08ae65e2b6329a7a1b952b32c3ba7bffca8313e7e8c93d0c.js?body=1" for ::1 at 2015-07-18 05:55:59 +0200


Started GET "/assets/jquery-ui/mouse.self-c513294e8da73f31f84ba3ef11e2a1180a47faea0eb2fea4a53fc26153dd21fd.js?body=1" for ::1 at 2015-07-18 05:55:59 +0200


Started GET "/assets/jquery-ui/draggable.self-debcca3d0d5d9afe2fe91a6fd1aebdb41ca0a55f2f6017352e6c02b6d8a6e64c.js?body=1" for ::1 at 2015-07-18 05:55:59 +0200


Started GET "/assets/jquery-ui/position.self-e693ced4ecfa1a276f0b794f32c1d30d792764b08788bf68ecfa3b388c291333.js?body=1" for ::1 at 2015-07-18 05:55:59 +0200


Started GET "/assets/jquery-ui/resizable.self-60b870565f3cd62982c1907828119bb51f42ec8228d5e23868153edc3abc685c.js?body=1" for ::1 at 2015-07-18 05:55:59 +0200


Started GET "/assets/jquery-ui/dialog.self-5a6c7980dfa3f6b74445b0f4b20eed799ee65363163500ed7f032e603d6b022d.js?body=1" for ::1 at 2015-07-18 05:55:59 +0200


Started GET "/assets/jquery-ui/sortable.self-df2d80a36f9dfbe0facc596ccd92af83ca50d38e4cd6a84810aaf5d40b8cd181.js?body=1" for ::1 at 2015-07-18 05:56:00 +0200


Started GET "/assets/jquery-ui/tabs.self-dc07b44bf1b926c8d28ccd2658e30933881e5329348caf70cf305c3943f6bbd7.js?body=1" for ::1 at 2015-07-18 05:56:00 +0200


Started GET "/assets/jquery_ujs.self-ca5248a2fad13d6bd58ea121318d642f195f0b2dd818b30615f785ff365e8d1f.js?body=1" for ::1 at 2015-07-18 05:56:00 +0200


Started GET "/assets/active_admin/base.self-ab2cb3098b53fe7d229937d768d701e8f4013f2a5aea7988d8f2149fa40426db.js?body=1" for ::1 at 2015-07-18 05:56:00 +0200


Started GET "/assets/active_admin/lib/batch_actions.self-10ee4c07784b00259ca97a02c4e7fb53c1b27ebe5653a3b910426b4ea0941250.js?body=1" for ::1 at 2015-07-18 05:56:00 +0200


Started GET "/assets/active_admin/lib/dropdown-menu.self-161387c54d1640bd9f174301b77d73ea88ce6d7daf0d7356bd50b4d0143d1b72.js?body=1" for ::1 at 2015-07-18 05:56:00 +0200


Started GET "/assets/active_admin/lib/checkbox-toggler.self-ffdc88fc1b3b6bcfac3e314f191fc486175ab5a4b5daab87af6bd208cb483bd8.js?body=1" for ::1 at 2015-07-18 05:56:00 +0200


Started GET "/assets/active_admin/lib/flash.self-8f05a5d9328ea28fca100b057787fbfb567986513c5f1735ea48fad8f9571c10.js?body=1" for ::1 at 2015-07-18 05:56:00 +0200


Started GET "/assets/active_admin/lib/has_many.self-ece319debdc01ca5096ae8ac6c130ffc0decab382543b4b94e18591375d3d3bb.js?body=1" for ::1 at 2015-07-18 05:56:00 +0200


Started GET "/assets/active_admin/lib/modal_dialog.self-0e86d9de4b99cb242de337a342f957f4872f686afc40f31f32d855672b1cd878.js?body=1" for ::1 at 2015-07-18 05:56:00 +0200


Started GET "/assets/active_admin/lib/per_page.self-d7697643296439a8f6aadbf22a229d8ce9b4e8e530ca854164398141006bcfda.js?body=1" for ::1 at 2015-07-18 05:56:00 +0200


Started GET "/assets/active_admin/lib/table-checkbox-toggler.self-f5200d732ec9ffd4ee8fd1fe11524ad7b54a67f6c0ef447a29d119ece2dcecdb.js?body=1" for ::1 at 2015-07-18 05:56:00 +0200


Started GET "/assets/active_admin/ext/jquery-ui.self-f96f2ec2a32c4bc4da4292cc74bddeca0bb223d81a421c98c4d613632860945e.js?body=1" for ::1 at 2015-07-18 05:56:00 +0200


Started GET "/assets/active_admin/ext/jquery.self-da8dafbbe883092bcae73f35a8caf4ae6170fe7d8130ae7039a233f9b509c757.js?body=1" for ::1 at 2015-07-18 05:56:00 +0200


Started GET "/assets/active_admin/application.self-50ffc9f86e474cd52ffb7ce3b3572255ad6646ea17097a056f330b540eae402c.js?body=1" for ::1 at 2015-07-18 05:56:00 +0200


Started GET "/assets/active_admin.self-877aef30ae1b040ab8a3aba4e3e309a11d7f2612f44dde450b5c157aa5f95c05.js?body=1" for ::1 at 2015-07-18 05:56:00 +0200


Started POST "/admin/login" for ::1 at 2015-07-18 05:56:10 +0200
Processing by ActiveAdmin::Devise::SessionsController#create as HTML
  Parameters: {"utf8"=>"✓", "authenticity_token"=>"9T0YBnByJ1B4zeDXEY3yMKHIVOr/Rq+zYQmxwggbltv/pcXtPtFRn2R/mM1a9NXoR2kD5725EKFWD9fCAsRlLA==", "admin_user"=>{"email"=>"admin@example.com", "password"=>"[FILTERED]", "remember_me"=>"0"}, "commit"=>"Login"}
  [1m[35mAdminUser Load (33.0ms)[0m  SELECT  "admin_users".* FROM "admin_users" WHERE "admin_users"."email" = $1  ORDER BY "admin_users"."id" ASC LIMIT 1  [["email", "admin@example.com"]]
  [1m[36m (0.3ms)[0m  [1mBEGIN[0m
  [1m[35mSQL (14.5ms)[0m  UPDATE "admin_users" SET "last_sign_in_at" = $1, "current_sign_in_at" = $2, "last_sign_in_ip" = $3, "current_sign_in_ip" = $4, "sign_in_count" = $5, "updated_at" = $6 WHERE "admin_users"."id" = $7  [["last_sign_in_at", "2015-07-18 03:56:10.809245"], ["current_sign_in_at", "2015-07-18 03:56:10.809245"], ["last_sign_in_ip", "::1/128"], ["current_sign_in_ip", "::1/128"], ["sign_in_count", 1], ["updated_at", "2015-07-18 03:56:10.811166"], ["id", 1]]
  [1m[36m (39.7ms)[0m  [1mCOMMIT[0m
Redirected to http://localhost:3000/admin
Completed 302 Found in 452ms (ActiveRecord: 87.9ms)


Started GET "/admin" for ::1 at 2015-07-18 05:56:10 +0200
Processing by Admin::DashboardController#index as HTML
  [1m[35mAdminUser Load (19.5ms)[0m  SELECT  "admin_users".* FROM "admin_users" WHERE "admin_users"."id" = $1  ORDER BY "admin_users"."id" ASC LIMIT 1  [["id", 1]]
  Rendered /Users/admin/.rvm/gems/ruby-2.2.0/bundler/gems/active_admin-5a2b7b5bc683/app/views/active_admin/page/index.html.arb (278.6ms)
Completed 200 OK in 346ms (Views: 300.1ms | ActiveRecord: 19.5ms)


Started GET "/admin/posts" for ::1 at 2015-07-18 05:56:13 +0200
Processing by Admin::PostsController#index as HTML
  [1m[36mAdminUser Load (0.7ms)[0m  [1mSELECT  "admin_users".* FROM "admin_users" WHERE "admin_users"."id" = $1  ORDER BY "admin_users"."id" ASC LIMIT 1[0m  [["id", 1]]
  [1m[35m (30.5ms)[0m  SELECT COUNT(count_column) FROM (SELECT  1 AS count_column FROM "posts" LIMIT 30 OFFSET 0) subquery_for_count
  [1m[36mPostImage Load (17.0ms)[0m  [1mSELECT "post_images".* FROM "post_images"[0m
  Rendered /Users/admin/.rvm/gems/ruby-2.2.0/bundler/gems/active_admin-5a2b7b5bc683/app/views/active_admin/resource/index.html.arb (575.0ms)
Completed 200 OK in 642ms (Views: 554.4ms | ActiveRecord: 53.7ms)


Started GET "/assets/active_admin/datepicker/datepicker-input-icon-d9c2bb73769af777c8a71720d29741f3a499aebd5a043e9a119bd0d9597aed47.png" for ::1 at 2015-07-18 05:56:13 +0200


Started GET "/admin/posts/new" for ::1 at 2015-07-18 05:56:16 +0200
Processing by Admin::PostsController#new as HTML
  [1m[35mAdminUser Load (0.8ms)[0m  SELECT  "admin_users".* FROM "admin_users" WHERE "admin_users"."id" = $1  ORDER BY "admin_users"."id" ASC LIMIT 1  [["id", 1]]
  Rendered /Users/admin/.rvm/gems/ruby-2.2.0/bundler/gems/active_admin-5a2b7b5bc683/app/views/active_admin/resource/new.html.arb (347.9ms)
Completed 200 OK in 375ms (Views: 364.2ms | ActiveRecord: 0.8ms)


Started POST "/admin/posts" for ::1 at 2015-07-18 05:56:45 +0200
Processing by Admin::PostsController#create as HTML
  Parameters: {"utf8"=>"✓", "authenticity_token"=>"21lS5yRYUbntM7Q4c43xdDnMNBaVlKz70etAE8iHYEYCF0KV5HTemlVpmRX0FaUc7svVrrYHLhfCYDLxCoMVPA==", "post"=>{"title"=>"Erster Post", "content"=>"Lorem ipsum dolor sit amet, consetetur sadipscing elitr, sed diam nonumy eirmod tempor invidunt ut labore et dolore magna aliquyam erat, sed diam voluptua. At vero eos et accusam et justo duo dolores et ea rebum. Stet clita kasd gubergren, no sea takimata sanctus est Lorem ipsum dolor sit amet. Lorem ipsum dolor sit amet, consetetur sadipscing elitr, sed diam nonumy eirmod tempor invidunt ut labore et dolore magna aliquyam erat, sed diam voluptua. At vero eos et accusam et justo duo dolores et ea rebum. Stet clita kasd gubergren, no sea takimata sanctus est Lorem ipsum dolor sit amet."}, "commit"=>"Create Post"}
  [1m[36mAdminUser Load (4.3ms)[0m  [1mSELECT  "admin_users".* FROM "admin_users" WHERE "admin_users"."id" = $1  ORDER BY "admin_users"."id" ASC LIMIT 1[0m  [["id", 1]]
  [1m[35m (0.5ms)[0m  BEGIN
  [1m[36mSQL (106.8ms)[0m  [1mINSERT INTO "posts" ("title", "content", "created_at", "updated_at") VALUES ($1, $2, $3, $4) RETURNING "id"[0m  [["title", "Erster Post"], ["content", "Lorem ipsum dolor sit amet, consetetur sadipscing elitr, sed diam nonumy eirmod tempor invidunt ut labore et dolore magna aliquyam erat, sed diam voluptua. At vero eos et accusam et justo duo dolores et ea rebum. Stet clita kasd gubergren, no sea takimata sanctus est Lorem ipsum dolor sit amet. Lorem ipsum dolor sit amet, consetetur sadipscing elitr, sed diam nonumy eirmod tempor invidunt ut labore et dolore magna aliquyam erat, sed diam voluptua. At vero eos et accusam et justo duo dolores et ea rebum. Stet clita kasd gubergren, no sea takimata sanctus est Lorem ipsum dolor sit amet."], ["created_at", "2015-07-18 03:56:45.414866"], ["updated_at", "2015-07-18 03:56:45.414866"]]
  [1m[35m (22.7ms)[0m  COMMIT
Redirected to http://localhost:3000/admin/posts/1
Completed 302 Found in 329ms (ActiveRecord: 134.2ms)


Started GET "/admin/posts/1" for ::1 at 2015-07-18 05:56:45 +0200
Processing by Admin::PostsController#show as HTML
  Parameters: {"id"=>"1"}
  [1m[36mAdminUser Load (0.8ms)[0m  [1mSELECT  "admin_users".* FROM "admin_users" WHERE "admin_users"."id" = $1  ORDER BY "admin_users"."id" ASC LIMIT 1[0m  [["id", 1]]
  [1m[35mPost Load (1.0ms)[0m  SELECT  "posts".* FROM "posts" WHERE "posts"."id" = $1 LIMIT 1  [["id", 1]]
  [1m[36m (65.1ms)[0m  [1mSELECT COUNT(*) FROM "active_admin_comments" WHERE "active_admin_comments"."resource_type" = $1 AND "active_admin_comments"."resource_id" = $2 AND "active_admin_comments"."namespace" = $3[0m  [["resource_type", "Post"], ["resource_id", "1"], ["namespace", "admin"]]
  [1m[35mCACHE (0.0ms)[0m  SELECT COUNT(*) FROM "active_admin_comments" WHERE "active_admin_comments"."resource_type" = $1 AND "active_admin_comments"."resource_id" = $2 AND "active_admin_comments"."namespace" = $3  [["resource_type", "Post"], ["resource_id", "1"], ["namespace", "admin"]]
  Rendered /Users/admin/.rvm/gems/ruby-2.2.0/bundler/gems/active_admin-5a2b7b5bc683/app/views/active_admin/resource/show.html.arb (1424.3ms)
Completed 200 OK in 1495ms (Views: 1385.5ms | ActiveRecord: 70.9ms)


Started GET "/admin/posts" for ::1 at 2015-07-18 05:56:51 +0200
Processing by Admin::PostsController#index as HTML
  [1m[36mAdminUser Load (0.6ms)[0m  [1mSELECT  "admin_users".* FROM "admin_users" WHERE "admin_users"."id" = $1  ORDER BY "admin_users"."id" ASC LIMIT 1[0m  [["id", 1]]
  [1m[35m (0.6ms)[0m  SELECT COUNT(count_column) FROM (SELECT  1 AS count_column FROM "posts" LIMIT 30 OFFSET 0) subquery_for_count
  [1m[36mCACHE (0.0ms)[0m  [1mSELECT COUNT(count_column) FROM (SELECT  1 AS count_column FROM "posts" LIMIT 30 OFFSET 0) subquery_for_count[0m
  [1m[35m (0.5ms)[0m  SELECT COUNT(*) FROM "posts"
  [1m[36mCACHE (0.0ms)[0m  [1mSELECT COUNT(count_column) FROM (SELECT  1 AS count_column FROM "posts" LIMIT 30 OFFSET 0) subquery_for_count[0m
  [1m[35mPost Load (0.9ms)[0m  SELECT  "posts".* FROM "posts"  ORDER BY "posts"."id" desc LIMIT 30 OFFSET 0
  [1m[36mPostImage Load (0.6ms)[0m  [1mSELECT "post_images".* FROM "post_images"[0m
  Rendered /Users/admin/.rvm/gems/ruby-2.2.0/bundler/gems/active_admin-5a2b7b5bc683/app/views/active_admin/resource/index.html.arb (460.5ms)
Completed 200 OK in 484ms (Views: 477.8ms | ActiveRecord: 3.3ms)


Started GET "/assets/active_admin/orderable-29374dbb55b0012d78a37c614d573bb3474f0779849b478a147d0f1845ca6617.png" for ::1 at 2015-07-18 05:56:52 +0200


Started GET "/admin/posts" for ::1 at 2015-07-18 06:15:14 +0200
Processing by Admin::PostsController#index as HTML
  [1m[35mAdminUser Load (1.4ms)[0m  SELECT  "admin_users".* FROM "admin_users" WHERE "admin_users"."id" = $1  ORDER BY "admin_users"."id" ASC LIMIT 1  [["id", 1]]
  [1m[36m (0.8ms)[0m  [1mSELECT COUNT(count_column) FROM (SELECT  1 AS count_column FROM "posts" LIMIT 30 OFFSET 0) subquery_for_count[0m
  [1m[35mCACHE (0.0ms)[0m  SELECT COUNT(count_column) FROM (SELECT  1 AS count_column FROM "posts" LIMIT 30 OFFSET 0) subquery_for_count
  [1m[36m (0.7ms)[0m  [1mSELECT COUNT(*) FROM "posts"[0m
  [1m[35mCACHE (0.1ms)[0m  SELECT COUNT(count_column) FROM (SELECT  1 AS count_column FROM "posts" LIMIT 30 OFFSET 0) subquery_for_count
  [1m[36mPost Load (0.8ms)[0m  [1mSELECT  "posts".* FROM "posts"  ORDER BY "posts"."id" desc LIMIT 30 OFFSET 0[0m
  [1m[35mPostImage Load (0.6ms)[0m  SELECT "post_images".* FROM "post_images"
  Rendered /Users/admin/.rvm/gems/ruby-2.2.0/bundler/gems/active_admin-5a2b7b5bc683/app/views/active_admin/resource/index.html.arb (1233.3ms)
Completed 200 OK in 1668ms (Views: 1427.7ms | ActiveRecord: 18.6ms)


Started GET "/admin/post_images" for ::1 at 2015-07-18 06:15:18 +0200
Processing by Admin::PostImagesController#index as HTML
  [1m[36mAdminUser Load (0.5ms)[0m  [1mSELECT  "admin_users".* FROM "admin_users" WHERE "admin_users"."id" = $1  ORDER BY "admin_users"."id" ASC LIMIT 1[0m  [["id", 1]]
  [1m[35m (1.0ms)[0m  SELECT COUNT(count_column) FROM (SELECT  1 AS count_column FROM "post_images" LIMIT 30 OFFSET 0) subquery_for_count
  [1m[36mPost Load (0.6ms)[0m  [1mSELECT "posts".* FROM "posts"[0m
  Rendered /Users/admin/.rvm/gems/ruby-2.2.0/bundler/gems/active_admin-5a2b7b5bc683/app/views/active_admin/resource/index.html.arb (401.3ms)
Completed 200 OK in 421ms (Views: 411.7ms | ActiveRecord: 3.4ms)


Started GET "/admin/post_images/new" for ::1 at 2015-07-18 06:15:21 +0200
Processing by Admin::PostImagesController#new as HTML
  [1m[35mAdminUser Load (0.5ms)[0m  SELECT  "admin_users".* FROM "admin_users" WHERE "admin_users"."id" = $1  ORDER BY "admin_users"."id" ASC LIMIT 1  [["id", 1]]
  Rendered /Users/admin/.rvm/gems/ruby-2.2.0/bundler/gems/active_admin-5a2b7b5bc683/app/views/active_admin/resource/new.html.arb (241.5ms)
Completed 500 Internal Server Error in 263ms (ActiveRecord: 0.5ms)

ActionView::Template::Error (undefined method `file' for #<ActiveAdmin::Views::ActiveAdminForm:0x007f8d9a5e5ba8>):
    1: insert_tag renderer_for(:new)
  app/admin/post_image.rb:7:in `block (3 levels) in <top (required)>'
  app/admin/post_image.rb:6:in `block (2 levels) in <top (required)>'


  Rendered /Users/admin/.rvm/gems/ruby-2.2.0/gems/actionpack-4.2.1/lib/action_dispatch/middleware/templates/rescues/_source.erb (15.8ms)
  Rendered /Users/admin/.rvm/gems/ruby-2.2.0/gems/actionpack-4.2.1/lib/action_dispatch/middleware/templates/rescues/_trace.html.erb (5.2ms)
  Rendered /Users/admin/.rvm/gems/ruby-2.2.0/gems/actionpack-4.2.1/lib/action_dispatch/middleware/templates/rescues/_request_and_response.html.erb (1.2ms)
  Rendered /Users/admin/.rvm/gems/ruby-2.2.0/gems/actionpack-4.2.1/lib/action_dispatch/middleware/templates/rescues/template_error.html.erb within rescues/layout (113.0ms)
  Rendered /Users/admin/.rvm/gems/ruby-2.2.0/gems/web-console-2.2.1/lib/web_console/templates/_markup.html.erb (0.5ms)
  Rendered /Users/admin/.rvm/gems/ruby-2.2.0/gems/web-console-2.2.1/lib/web_console/templates/_inner_console_markup.html.erb within layouts/inlined_string (0.5ms)
  Rendered /Users/admin/.rvm/gems/ruby-2.2.0/gems/web-console-2.2.1/lib/web_console/templates/_prompt_box_markup.html.erb within layouts/inlined_string (0.5ms)
  Rendered /Users/admin/.rvm/gems/ruby-2.2.0/gems/web-console-2.2.1/lib/web_console/templates/style.css.erb within layouts/inlined_string (0.6ms)
  Rendered /Users/admin/.rvm/gems/ruby-2.2.0/gems/web-console-2.2.1/lib/web_console/templates/console.js.erb within layouts/javascript (75.5ms)
  Rendered /Users/admin/.rvm/gems/ruby-2.2.0/gems/web-console-2.2.1/lib/web_console/templates/main.js.erb within layouts/javascript (0.7ms)
  Rendered /Users/admin/.rvm/gems/ruby-2.2.0/gems/web-console-2.2.1/lib/web_console/templates/error_page.js.erb within layouts/javascript (0.6ms)
  Rendered /Users/admin/.rvm/gems/ruby-2.2.0/gems/web-console-2.2.1/lib/web_console/templates/index.html.erb (184.3ms)
  [1m[36mActiveRecord::SchemaMigration Load (1.0ms)[0m  [1mSELECT "schema_migrations".* FROM "schema_migrations"[0m
Migrating to AddFeaturedImageToPost (20150718041707)
  [1m[35m (0.6ms)[0m  BEGIN
  [1m[36m (1.6ms)[0m  [1mALTER TABLE "post_image" ADD "featured_image" boolean[0m
PG::UndefinedTable: ERROR:  relation "post_image" does not exist
: ALTER TABLE "post_image" ADD "featured_image" boolean
  [1m[35m (0.4ms)[0m  ROLLBACK
  [1m[36mActiveRecord::SchemaMigration Load (0.7ms)[0m  [1mSELECT "schema_migrations".* FROM "schema_migrations"[0m
Migrating to AddFeaturedImageToPost (20150718041707)
  [1m[35m (0.4ms)[0m  BEGIN
  [1m[36m (60.7ms)[0m  [1mALTER TABLE "post_images" ADD "featured_image" boolean[0m
  [1m[35mSQL (0.7ms)[0m  INSERT INTO "schema_migrations" ("version") VALUES ($1)  [["version", "20150718041707"]]
  [1m[36m (35.0ms)[0m  [1mCOMMIT[0m
  [1m[35mActiveRecord::SchemaMigration Load (0.5ms)[0m  SELECT "schema_migrations".* FROM "schema_migrations"
  [1m[36m (5.4ms)[0m  [1mSELECT t2.oid::regclass::text AS to_table, a1.attname AS column, a2.attname AS primary_key, c.conname AS name, c.confupdtype AS on_update, c.confdeltype AS on_delete
FROM pg_constraint c
JOIN pg_class t1 ON c.conrelid = t1.oid
JOIN pg_class t2 ON c.confrelid = t2.oid
JOIN pg_attribute a1 ON a1.attnum = c.conkey[1] AND a1.attrelid = t1.oid
JOIN pg_attribute a2 ON a2.attnum = c.confkey[1] AND a2.attrelid = t2.oid
JOIN pg_namespace t3 ON c.connamespace = t3.oid
WHERE c.contype = 'f'
  AND t1.relname = 'active_admin_comments'
  AND t3.nspname = ANY (current_schemas(false))
ORDER BY c.conname
[0m
  [1m[35m (5.2ms)[0m  SELECT t2.oid::regclass::text AS to_table, a1.attname AS column, a2.attname AS primary_key, c.conname AS name, c.confupdtype AS on_update, c.confdeltype AS on_delete
FROM pg_constraint c
JOIN pg_class t1 ON c.conrelid = t1.oid
JOIN pg_class t2 ON c.confrelid = t2.oid
JOIN pg_attribute a1 ON a1.attnum = c.conkey[1] AND a1.attrelid = t1.oid
JOIN pg_attribute a2 ON a2.attnum = c.confkey[1] AND a2.attrelid = t2.oid
JOIN pg_namespace t3 ON c.connamespace = t3.oid
WHERE c.contype = 'f'
  AND t1.relname = 'admin_users'
  AND t3.nspname = ANY (current_schemas(false))
ORDER BY c.conname

  [1m[36m (5.3ms)[0m  [1mSELECT t2.oid::regclass::text AS to_table, a1.attname AS column, a2.attname AS primary_key, c.conname AS name, c.confupdtype AS on_update, c.confdeltype AS on_delete
FROM pg_constraint c
JOIN pg_class t1 ON c.conrelid = t1.oid
JOIN pg_class t2 ON c.confrelid = t2.oid
JOIN pg_attribute a1 ON a1.attnum = c.conkey[1] AND a1.attrelid = t1.oid
JOIN pg_attribute a2 ON a2.attnum = c.confkey[1] AND a2.attrelid = t2.oid
JOIN pg_namespace t3 ON c.connamespace = t3.oid
WHERE c.contype = 'f'
  AND t1.relname = 'post_images'
  AND t3.nspname = ANY (current_schemas(false))
ORDER BY c.conname
[0m
  [1m[35m (4.9ms)[0m  SELECT t2.oid::regclass::text AS to_table, a1.attname AS column, a2.attname AS primary_key, c.conname AS name, c.confupdtype AS on_update, c.confdeltype AS on_delete
FROM pg_constraint c
JOIN pg_class t1 ON c.conrelid = t1.oid
JOIN pg_class t2 ON c.confrelid = t2.oid
JOIN pg_attribute a1 ON a1.attnum = c.conkey[1] AND a1.attrelid = t1.oid
JOIN pg_attribute a2 ON a2.attnum = c.confkey[1] AND a2.attrelid = t2.oid
JOIN pg_namespace t3 ON c.connamespace = t3.oid
WHERE c.contype = 'f'
  AND t1.relname = 'posts'
  AND t3.nspname = ANY (current_schemas(false))
ORDER BY c.conname

